{"level":"info","message":"Server is running on port 3000","timestamp":"2024-12-04T04:23:36.581Z"}
{"level":"info","message":"- - - [04/Dec/2024:04:23:39 +0000] \"GET / HTTP/1.1\" 404 139 \"https://localhost:3000/\" \"Mozilla/5.0 (X11; Linux x86_64) AppleWebKit/537.36 (KHTML, like Gecko) Chrome/131.0.0.0 Safari/537.36\"","timestamp":"2024-12-04T04:23:39.901Z"}
{"level":"info","message":"Server is running on port 3000","timestamp":"2024-12-04T04:26:07.065Z"}
{"level":"info","message":"- - - [04/Dec/2024:04:26:07 +0000] \"GET / HTTP/1.1\" 404 139 \"https://localhost:3000/\" \"Mozilla/5.0 (X11; Linux x86_64) AppleWebKit/537.36 (KHTML, like Gecko) Chrome/131.0.0.0 Safari/537.36\"","timestamp":"2024-12-04T04:26:07.862Z"}
{"level":"info","message":"Server is running on port 3000","timestamp":"2024-12-04T04:26:15.909Z"}
{"level":"info","message":"- - - [04/Dec/2024:04:26:16 +0000] \"GET / HTTP/1.1\" 404 139 \"https://localhost:3000/\" \"Mozilla/5.0 (X11; Linux x86_64) AppleWebKit/537.36 (KHTML, like Gecko) Chrome/131.0.0.0 Safari/537.36\"","timestamp":"2024-12-04T04:26:16.013Z"}
{"level":"info","message":"Server is running on port 3000","timestamp":"2024-12-04T04:26:24.106Z"}
{"level":"info","message":"- - - [04/Dec/2024:04:26:24 +0000] \"GET / HTTP/1.1\" 404 139 \"https://localhost:3000/\" \"Mozilla/5.0 (X11; Linux x86_64) AppleWebKit/537.36 (KHTML, like Gecko) Chrome/131.0.0.0 Safari/537.36\"","timestamp":"2024-12-04T04:26:24.189Z"}
{"level":"info","message":"Server is running on port 3000","timestamp":"2024-12-04T04:26:40.896Z"}
{"level":"info","message":"- - - [04/Dec/2024:04:26:41 +0000] \"GET / HTTP/1.1\" 404 139 \"https://localhost:3000/\" \"Mozilla/5.0 (X11; Linux x86_64) AppleWebKit/537.36 (KHTML, like Gecko) Chrome/131.0.0.0 Safari/537.36\"","timestamp":"2024-12-04T04:26:41.006Z"}
{"level":"info","message":"Server running in development mode on port 3000","timestamp":"2024-12-05T05:10:55.914Z"}
{"level":"info","message":"MongoDB connected successfully","timestamp":"2024-12-05T05:10:56.034Z"}
{"level":"info","message":"Redis Client Connected Successfully","timestamp":"2024-12-05T05:10:56.345Z"}
{"level":"info","message":"Redis Client Ready to Accept Commands","timestamp":"2024-12-05T05:10:56.593Z"}
{"level":"info","message":"Redis connection test successful","timestamp":"2024-12-05T05:10:56.826Z"}
{"code":"ECONNRESET","errno":-4077,"level":"error","message":"Redis Client Error: read ECONNRESET","stack":"Error: read ECONNRESET\n    at TCP.onStreamRead (node:internal/stream_base_commons:218:20)","syscall":"read","timestamp":"2024-12-05T08:23:17.386Z"}
{"level":"info","message":"Redis Client Reconnecting...","timestamp":"2024-12-05T08:23:17.896Z"}
{"level":"info","message":"Redis Client Connected Successfully","timestamp":"2024-12-05T08:23:18.556Z"}
{"level":"info","message":"Redis Client Ready to Accept Commands","timestamp":"2024-12-05T08:23:18.842Z"}
{"code":"ECONNRESET","errno":-4077,"level":"error","message":"Redis Client Error: read ECONNRESET","stack":"Error: read ECONNRESET\n    at TCP.onStreamRead (node:internal/stream_base_commons:218:20)","syscall":"read","timestamp":"2024-12-05T14:00:37.788Z"}
{"level":"info","message":"Redis Client Reconnecting...","timestamp":"2024-12-05T14:00:37.937Z"}
{"level":"info","message":"Redis Client Connected Successfully","timestamp":"2024-12-05T14:00:40.521Z"}
{"level":"info","message":"Redis Client Ready to Accept Commands","timestamp":"2024-12-05T14:00:40.754Z"}
{"level":"info","message":"Server running in development mode on port 3000","timestamp":"2024-12-05T19:19:19.603Z"}
{"level":"info","message":"MongoDB connected successfully","timestamp":"2024-12-05T19:19:19.871Z"}
{"level":"info","message":"Redis Client Connected Successfully","timestamp":"2024-12-05T19:19:20.229Z"}
{"level":"info","message":"Redis Client Ready to Accept Commands","timestamp":"2024-12-05T19:19:20.458Z"}
{"level":"info","message":"Redis connection test successful","timestamp":"2024-12-05T19:19:20.678Z"}
{"level":"info","message":"Server running in development mode on port 3000","timestamp":"2024-12-06T05:09:02.684Z"}
{"level":"info","message":"MongoDB connected successfully","timestamp":"2024-12-06T05:09:02.745Z"}
{"level":"info","message":"Redis Client Connected Successfully","timestamp":"2024-12-06T05:09:03.148Z"}
{"level":"info","message":"Redis Client Ready to Accept Commands","timestamp":"2024-12-06T05:09:03.384Z"}
{"level":"info","message":"Redis connection test successful","timestamp":"2024-12-06T05:09:03.609Z"}
{"level":"info","message":"Server running in development mode on port 3000","timestamp":"2024-12-06T06:28:48.066Z"}
{"level":"info","message":"MongoDB connected successfully","timestamp":"2024-12-06T06:28:48.137Z"}
{"level":"info","message":"Redis Client Connected Successfully","timestamp":"2024-12-06T06:28:48.544Z"}
{"level":"info","message":"Redis Client Ready to Accept Commands","timestamp":"2024-12-06T06:28:48.777Z"}
{"level":"info","message":"Redis connection test successful","timestamp":"2024-12-06T06:28:49.005Z"}
{"level":"info","message":"Server running in development mode on port 3000","timestamp":"2024-12-06T06:29:53.967Z"}
{"level":"info","message":"MongoDB connected successfully","timestamp":"2024-12-06T06:29:54.080Z"}
{"level":"info","message":"Redis Client Connected Successfully","timestamp":"2024-12-06T06:29:54.520Z"}
{"level":"info","message":"Redis Client Ready to Accept Commands","timestamp":"2024-12-06T06:29:54.765Z"}
{"level":"info","message":"Redis connection test successful","timestamp":"2024-12-06T06:29:55.001Z"}
{"level":"info","message":"Server running in development mode on port 3000","timestamp":"2024-12-06T06:32:54.735Z"}
{"level":"info","message":"MongoDB connected successfully","timestamp":"2024-12-06T06:32:54.856Z"}
{"level":"info","message":"Redis Client Connected Successfully","timestamp":"2024-12-06T06:32:55.268Z"}
{"level":"info","message":"Redis Client Ready to Accept Commands","timestamp":"2024-12-06T06:32:55.504Z"}
{"level":"info","message":"Redis connection test successful","timestamp":"2024-12-06T06:32:55.729Z"}
{"level":"info","message":"Server running in development mode on port 3000","timestamp":"2024-12-06T11:40:42.808Z"}
{"level":"info","message":"Redis Client Connected Successfully","timestamp":"2024-12-06T11:40:43.463Z"}
{"level":"info","message":"Redis Client Ready to Accept Commands","timestamp":"2024-12-06T11:40:43.744Z"}
{"level":"info","message":"MongoDB connected successfully","timestamp":"2024-12-06T11:40:43.962Z"}
{"level":"info","message":"Redis connection test successful","timestamp":"2024-12-06T11:40:44.232Z"}
